[21-Jun-2025 13:08:37] NOTICE: fpm is running, pid 1725013
[21-Jun-2025 13:08:37] NOTICE: ready to handle connections
[21-Jun-2025 13:14:59] NOTICE: Terminating ...
[21-Jun-2025 13:14:59] NOTICE: Terminating ...
[21-Jun-2025 13:14:59] NOTICE: exiting, bye-bye!
[21-Jun-2025 13:15:01] NOTICE: fpm is running, pid 1726042
[21-Jun-2025 13:15:01] NOTICE: ready to handle connections
[21-Jun-2025 14:29:42] NOTICE: Terminating ...
[21-Jun-2025 14:29:42] NOTICE: Terminating ...
[21-Jun-2025 14:29:42] NOTICE: exiting, bye-bye!
[21-Jun-2025 15:04:02] NOTICE: fpm is running, pid 1753340
[21-Jun-2025 15:04:02] NOTICE: ready to handle connections
[22-Jun-2025 12:10:33] NOTICE: Terminating ...
[22-Jun-2025 12:10:33] NOTICE: exiting, bye-bye!
[22-Jun-2025 12:10:34] NOTICE: fpm is running, pid 1893378
[22-Jun-2025 12:10:34] NOTICE: ready to handle connections
[22-Jun-2025 12:10:40] NOTICE: Terminating ...
[22-Jun-2025 12:10:40] NOTICE: Terminating ...
[22-Jun-2025 12:10:40] NOTICE: exiting, bye-bye!
[24-Jun-2025 15:15:00] NOTICE: fpm is running, pid 2432771
[24-Jun-2025 15:15:00] NOTICE: ready to handle connections
[24-Jun-2025 17:32:44] NOTICE: Terminating ...
[24-Jun-2025 17:32:44] NOTICE: Terminating ...
[24-Jun-2025 17:32:44] NOTICE: exiting, bye-bye!
[30-Jun-2025 12:37:01] NOTICE: fpm is running, pid 328482
[30-Jun-2025 12:37:01] NOTICE: ready to handle connections
[30-Jun-2025 13:19:28] NOTICE: Terminating ...
[30-Jun-2025 13:19:28] NOTICE: Terminating ...
[30-Jun-2025 13:19:28] NOTICE: exiting, bye-bye!
[01-Jul-2025 13:58:11] NOTICE: fpm is running, pid 561078
[01-Jul-2025 13:58:11] NOTICE: ready to handle connections
